         5.59999990       87.80799551       19.10006339
         5.69999991       92.59649542       16.51905987
         5.79999991       97.55599534       14.30537737
         5.89999991      102.68949525       12.40292751
         5.99999991      107.99999517       10.76482785
         6.09999991      113.49049509        9.35178261
         6.19999991      119.16399502        8.13076725
         6.29999992      125.02349494        7.07395645
         6.39999992      131.07199487        6.15784757
         6.49999992      137.31249481        5.36254173
         6.59999992      143.74799474        4.67115246
         6.69999992      150.38149468        4.06931781
         6.79999992      157.21599463        3.54479676
         6.89999992      164.25449457        3.08713438
         6.99999993      171.49999452        2.68738340
         7.09999993      178.95549448        2.33787198
         7.19999993      186.62399444        2.03200966
         7.29999993      194.50849440        1.76412469
         7.39999993      202.61199437        1.52932753
         7.49999993      210.93749434        1.32339583
         7.59999993      219.48799432        1.14267750
         7.69999994      228.26649430        0.98400872
         7.79999994      237.27599429        0.84464453
         7.89999994      246.51949428        0.72219988
         7.99999994      255.99999428        0.61459951
         8.09999994      265.72049428        0.52003527
