         5.59999990       87.80799551   -12957.96163915
         5.69999991       92.59649542   -12958.14878136
         5.79999991       97.55599534   -12958.31343749
         5.89999991      102.68949525   -12958.45816690
         5.99999991      107.99999517   -12958.58521701
         6.09999991      113.49049509   -12958.69656478
         6.19999991      119.16399502   -12958.79395213
         6.29999992      125.02349494   -12958.87891640
         6.39999992      131.07199487   -12958.95281641
         6.49999992      137.31249481   -12959.01685502
         6.59999992      143.74799474   -12959.07209846
         6.69999992      150.38149468   -12959.11949318
         6.79999992      157.21599463   -12959.15988033
         6.89999992      164.25449457   -12959.19400846
         6.99999993      171.49999452   -12959.22254443
         7.09999993      178.95549448   -12959.24608304
         7.19999993      186.62399444   -12959.26515533
         7.29999993      194.50849440   -12959.28023594
         7.39999993      202.61199437   -12959.29174947
         7.49999993      210.93749434   -12959.30007612
         7.59999993      219.48799432   -12959.30555663
         7.69999994      228.26649430   -12959.30849658
         7.79999994      237.27599429   -12959.30917027
         7.89999994      246.51949428   -12959.30782408
         7.99999994      255.99999428   -12959.30467944
