         5.59999990       87.80799551        6.23338828
         5.69999991       92.59649542        5.29573503
         5.79999991       97.55599534        4.49809743
         5.89999991      102.68949525        3.81853648
         5.99999991      107.99999517        3.23876883
         6.09999991      113.49049509        2.74351792
         6.19999991      119.16399502        2.31998747
         6.29999992      125.02349494        1.95743305
         6.39999992      131.07199487        1.64681222
         6.49999992      137.31249481        1.38049801
         6.59999992      143.74799474        1.15204374
         6.69999992      150.38149468        0.95598915
         6.79999992      157.21599463        0.78770048
         6.89999992      164.25449457        0.64323795
         6.99999993      171.49999452        0.51924578
         7.09999993      178.95549448        0.41286073
         7.19999993      186.62399444        0.32163577
         7.29999993      194.50849440        0.24347628
         7.39999993      202.61199437        0.17658658
         7.49999993      210.93749434        0.11942510
         7.59999993      219.48799432        0.07066658
         7.69999994      228.26649430        0.02917026
         7.79999994      237.27599429       -0.00604703
         7.89999994      246.51949428       -0.03583361
         7.99999994      255.99999428       -0.06092225
