         6.40000010      131.07200586   -12958.95036931
         6.45000010      134.16806850   -12958.98372471
         6.50000010      137.31250614   -12959.01474369
         6.55000010      140.50569378   -12959.04355627
         6.60000010      143.74800643   -12959.07028495
         6.65000010      147.03981907   -12959.09504514
         6.70000010      150.38150672   -12959.11794563
         6.75000010      153.77344437   -12959.13908900
         6.80000010      157.21600703   -12959.15857201
         6.85000010      160.70956968   -12959.17648592
         6.90000010      164.25450734   -12959.19291689
         6.95000010      167.85119500   -12959.20794624
         7.00000010      171.50000767   -12959.22165074
         7.05000011      175.20132033   -12959.23410294
         7.10000011      178.95550800   -12959.24537136
         7.15000011      182.76294567   -12959.25552074
         7.20000011      186.62400834   -12959.26461231
         7.25000011      190.53907102   -12959.27270394
         7.30000011      194.50850870   -12959.27985036
         7.35000011      198.53269638   -12959.28610334
         7.40000011      202.61200906   -12959.29151187
         7.45000011      206.74682174   -12959.29612231
         7.50000011      210.93750943   -12959.29997854
         7.55000011      215.18444712   -12959.30312211
         7.60000011      219.48800981   -12959.30559234
         7.65000011      223.84857251   -12959.30742651
         7.70000011      228.26651020   -12959.30865991
         7.75000012      232.74219790   -12959.30932597
         7.80000012      237.27601061   -12959.30945640
         7.85000012      241.86832331   -12959.30908122
         7.90000012      246.51951102   -12959.30822892
         7.95000012      251.22994873   -12959.30692648
         8.00000012      256.00001144   -12959.30519951
         8.05000012      260.83007416   -12959.30307228
         8.10000012      265.72051188   -12959.30056782
         8.15000012      270.67169960   -12959.29770797
         8.20000012      275.68401232   -12959.29451345
         8.25000012      280.75782505   -12959.29100394
         8.30000012      285.89351278   -12959.28719808
         8.35000012      291.09145051   -12959.28311360
         8.40000013      296.35201325   -12959.27876729
         8.45000013      301.67557599   -12959.27417512
         8.50000013      307.06251373   -12959.26935223
         8.55000013      312.51320147   -12959.26431300
         8.60000013      318.02801422   -12959.25907109
         8.65000013      323.60732697   -12959.25363946
         8.70000013      329.25151472   -12959.24803041
         8.75000013      334.96095247   -12959.24225565
         8.80000013      340.73601523   -12959.23632626
         8.85000013      346.57707799   -12959.23025280
