         5.40000010       78.73200417       25.44625294
         5.42500010       79.83057454       24.52005763
         5.45000010       80.93931678       23.62994376
         5.47500010       82.05827778       22.77438295
         5.50000010       83.18750439       21.95191726
         5.52500010       84.32704351       21.16115568
         5.55000010       85.47694201       20.40077078
         5.57500010       86.63724676       19.66949559
         5.60000010       87.80800463       18.96612059
         5.62500010       88.98926250       18.28949089
         5.65000010       90.18106724       17.63850357
         5.67500010       91.38346574       17.01210514
         5.70000010       92.59650487       16.40928912
         5.72500010       93.82023149       15.82909381
         5.75000010       95.05469249       15.27060008
         5.77500010       96.29993474       14.73292939
         5.80000010       97.55600511       14.21524178
         5.82500010       98.82295049       13.71673409
         5.85000010      100.10081774       13.23663819
         5.87500010      101.38965374       12.77421932
         5.90000010      102.68950537       12.32877455
         5.92500010      104.00041950       11.89963126
         5.95000010      105.32244300       11.48614572
         5.97500010      106.65562275       11.08770177
         6.00000010      108.00000563       10.70370954
         6.02500010      109.35563851       10.33360423
         6.05000011      110.72256827        9.97684494
         6.07500011      112.10084177        9.63291360
         6.10000011      113.49050591        9.30131392
         6.12500011      114.89160754        8.98157041
         6.15000011      116.30419354        8.67322741
         6.17500011      117.72831080        8.37584822
         6.20000011      119.16400619        8.08901424
         6.22500011      120.61132657        7.81232417
         6.25000011      122.07031883        7.54539321
         6.27500011      123.54102984        7.28785234
         6.30000011      125.02350648        7.03934763
         6.32500011      126.51779561        6.79953958
         6.35000011      128.02394412        6.56810246
         6.37500011      129.54199889        6.34472370
         6.40000011      131.07200677        6.12910337
         6.42500011      132.61401466        5.92095357
         6.45000011      134.16806943        5.71999792
         6.47500011      135.73421794        5.52597110
         6.50000011      137.31250708        5.33861833
         6.52500011      138.90298372        5.15769493
         6.55000011      140.50569474        4.98296589
         6.57500011      142.12068701        4.81420549
         6.60000011      143.74800740        4.65119682
         6.62500011      145.38770279        4.49373150
         6.65000011      147.03982006        4.34160927
         6.67500011      148.70440608        4.19463766
         6.70000011      150.38150773        4.05263166
         6.72500012      152.07117187        3.91541341
         6.75000012      153.77344539        3.78281190
         6.77500012      155.48837516        3.65466269
         6.80000012      157.21600806        3.53080763
         6.82500012      158.95639096        3.41109463
         6.85000012      160.70957073        3.29537737
         6.87500012      162.47559426        3.18351507
         6.90000012      164.25450841        3.07537228
         6.92500012      166.04636006        2.97081868
         6.95000012      167.85119608        2.86972883
         6.97500012      169.66906336        2.77198199
         7.00000012      171.50000876        2.67746194
         7.02500012      173.34407916        2.58605678
         7.05000012      175.20132144        2.49765879
         7.07500012      177.07178247        2.41216421
         7.10000012      178.95550913        2.32947313
         7.12500012      180.85254828        2.24948931
         7.15000012      182.76294681        2.17212007
         7.17500012      184.68675159        2.09727610
         7.20000012      186.62400950        2.02487134
         7.22500012      188.57476741        1.95482289
         7.25000012      190.53907219        1.88705086
         7.27500012      192.51697073        1.82147822
         7.30000012      194.50850989        1.75803076
         7.32500012      196.51373655        1.69663692
         7.35000012      198.53269758        1.63722771
         7.37500012      200.56543987        1.57973663
         7.40000013      202.61201028        1.52409953
         7.42500013      204.67245569        1.47025455
         7.45000013      206.74682298        1.41814205
         7.47500013      208.83515902        1.36770448
         7.50000013      210.93751069        1.31888632
         7.52500013      213.05392485        1.27163402
         7.55000013      215.18444839        1.22589592
         7.57500013      217.32912819        1.18162215
         7.60000013      219.48801110        1.13876458
         7.62500013      221.66114402        1.09727680
         7.65000013      223.84857381        1.05711396
         7.67500013      226.05034736        1.01823281
         7.70000013      228.26651153        0.98059157
         7.72500013      230.49711320        0.94414991
         7.75000013      232.74219925        0.90886890
         7.77500013      235.00181654        0.87471093
         7.80000013      237.27601197        0.84163970
         7.82500013      239.56483239        0.80962011
         7.85000013      241.86832469        0.77861831
         7.87500013      244.18653574        0.74860157
         7.90000013      246.51951242        0.71953828
         7.92500013      248.86730159        0.69139788
         7.95000013      251.22995014        0.66415088
         7.97500013      253.60750495        0.63776875
         8.00000013      256.00001287        0.61222394
         8.02500013      258.40752080        0.58748980
         8.05000013      260.83007561        0.56354061
         8.07500014      263.26772416        0.54035148
         8.10000014      265.72051335        0.51789835
         8.12500014      268.18849003        0.49615797
         8.15000014      270.67170108        0.47510785
         8.17500014      273.17019339        0.45472625
         8.20000014      275.68401383        0.43499216
         8.22500014      278.21320926        0.41588524
         8.25000014      280.75782657        0.39738583
         8.27500014      283.31791263        0.37947491
         8.30000014      285.89351432        0.36213409
         8.32500014      288.48467851        0.34534558
         8.35000014      291.09145207        0.32909216
         8.37500014      293.71388189        0.31335718
         8.40000014      296.35201483        0.29812452
         8.42500014      299.00589777        0.28337859
         8.45000014      301.67557758        0.26910430
         8.47500014      304.36110115        0.25528705
         8.50000014      307.06251534        0.24191272
         8.52500014      309.77986704        0.22896761
         8.55000014      312.51320310        0.21643850
         8.57500014      315.26257042        0.20431257
         8.60000014      318.02801587        0.19257740
         8.62500014      320.80958632        0.18122100
         8.65000014      323.60732864        0.17023172
         8.67500014      326.42128971        0.15959831
         8.70000014      329.25151641        0.14930987
         8.72500014      332.09805561        0.13935583
         8.75000015      334.96095419        0.12972598
         8.77500015      337.84025901        0.12041041
         8.80000015      340.73601696        0.11139952
         8.82500015      343.64827492        0.10268403
         8.85000015      346.57707974        0.09425493
         8.87500015      349.52247832        0.08610352
