         5.40000010       78.73200417   -12957.50779945
         5.42500010       79.83057454   -12957.57101721
         5.45000010       80.93931678   -12957.63226504
         5.47500010       82.05827778   -12957.69160356
         5.50000010       83.18750439   -12957.74909134
         5.52500010       84.32704351   -12957.80478500
         5.55000010       85.47694201   -12957.85873927
         5.57500010       86.63724676   -12957.91100706
         5.60000010       87.80800463   -12957.96163953
         5.62500010       88.98926250   -12958.01068616
         5.65000010       90.18106724   -12958.05819480
         5.67500010       91.38346574   -12958.10421172
         5.70000010       92.59650487   -12958.14878170
         5.72500010       93.82023149   -12958.19194806
         5.75000010       95.05469249   -12958.23375270
         5.77500010       96.29993474   -12958.27423619
         5.80000010       97.55600511   -12958.31343778
         5.82500010       98.82295049   -12958.35139548
         5.85000010      100.10081774   -12958.38814605
         5.87500010      101.38965374   -12958.42372512
         5.90000010      102.68950537   -12958.45816716
         5.92500010      104.00041950   -12958.49150556
         5.95000010      105.32244300   -12958.52377266
         5.97500010      106.65562275   -12958.55499977
         6.00000010      108.00000563   -12958.58521724
         6.02500010      109.35563851   -12958.61445446
         6.05000011      110.72256827   -12958.64273990
         6.07500011      112.10084177   -12958.67010116
         6.10000011      113.49050591   -12958.69656498
         6.12500011      114.89160754   -12958.72215727
         6.15000011      116.30419354   -12958.74690314
         6.17500011      117.72831080   -12958.77082695
         6.20000011      119.16400619   -12958.79395231
         6.22500011      120.61132657   -12958.81630209
         6.25000011      122.07031883   -12958.83789848
         6.27500011      123.54102984   -12958.85876301
         6.30000011      125.02350648   -12958.87891655
         6.32500011      126.51779561   -12958.89837933
         6.35000011      128.02394412   -12958.91717099
         6.37500011      129.54199889   -12958.93531057
         6.40000011      131.07200677   -12958.95281655
         6.42500011      132.61401466   -12958.96970686
         6.45000011      134.16806943   -12958.98599889
         6.47500011      135.73421794   -12959.00170952
         6.50000011      137.31250708   -12959.01685514
         6.52500011      138.90298372   -12959.03145164
         6.55000011      140.50569474   -12959.04551447
         6.57500011      142.12068701   -12959.05905859
         6.60000011      143.74800740   -12959.07209856
         6.62500011      145.38770279   -12959.08464850
         6.65000011      147.03982006   -12959.09672212
         6.67500011      148.70440608   -12959.10833273
         6.70000011      150.38150773   -12959.11949326
         6.72500012      152.07117187   -12959.13021627
         6.75000012      153.77344539   -12959.14051396
         6.77500012      155.48837516   -12959.15039817
         6.80000012      157.21600806   -12959.15988040
         6.82500012      158.95639096   -12959.16897185
         6.85000012      160.70957073   -12959.17768336
         6.87500012      162.47559426   -12959.18602550
         6.90000012      164.25450841   -12959.19400852
         6.92500012      166.04636006   -12959.20164238
         6.95000012      167.85119608   -12959.20893676
         6.97500012      169.66906336   -12959.21590108
         7.00000012      171.50000876   -12959.22254448
         7.02500012      173.34407916   -12959.22887586
         7.05000012      175.20132144   -12959.23490386
         7.07500012      177.07178247   -12959.24063687
         7.10000012      178.95550913   -12959.24608308
         7.12500012      180.85254828   -12959.25125041
         7.15000012      182.76294681   -12959.25614660
         7.17500012      184.68675159   -12959.26077915
         7.20000012      186.62400950   -12959.26515536
         7.22500012      188.57476741   -12959.26928233
         7.25000012      190.53907219   -12959.27316698
         7.27500012      192.51697073   -12959.27681601
         7.30000012      194.50850989   -12959.28023596
         7.32500012      196.51373655   -12959.28343319
         7.35000012      198.53269758   -12959.28641387
         7.37500012      200.56543987   -12959.28918402
         7.40000013      202.61201028   -12959.29174949
         7.42500013      204.67245569   -12959.29411597
         7.45000013      206.74682298   -12959.29628901
         7.47500013      208.83515902   -12959.29827398
         7.50000013      210.93751069   -12959.30007614
         7.52500013      213.05392485   -12959.30170058
         7.55000013      215.18444839   -12959.30315228
         7.57500013      217.32912819   -12959.30443606
         7.60000013      219.48801110   -12959.30555664
         7.62500013      221.66114402   -12959.30651858
         7.65000013      223.84857381   -12959.30732635
         7.67500013      226.05034736   -12959.30798427
         7.70000013      228.26651153   -12959.30849659
         7.72500013      230.49711320   -12959.30886739
         7.75000013      232.74219925   -12959.30910070
         7.77500013      235.00181654   -12959.30920039
         7.80000013      237.27601197   -12959.30917027
         7.82500013      239.56483239   -12959.30901403
         7.85000013      241.86832469   -12959.30873527
         7.87500013      244.18653574   -12959.30833748
         7.90000013      246.51951242   -12959.30782408
         7.92500013      248.86730159   -12959.30719838
         7.95000013      251.22995014   -12959.30646362
         7.97500013      253.60750495   -12959.30562295
         8.00000013      256.00001287   -12959.30467943
         8.02500013      258.40752080   -12959.30363605
         8.05000013      260.83007561   -12959.30249572
         8.07500014      263.26772416   -12959.30126128
         8.10000014      265.72051335   -12959.29993548
         8.12500014      268.18849003   -12959.29852100
         8.15000014      270.67170108   -12959.29702048
         8.17500014      273.17019339   -12959.29543645
         8.20000014      275.68401383   -12959.29377141
         8.22500014      278.21320926   -12959.29202777
         8.25000014      280.75782657   -12959.29020790
         8.27500014      283.31791263   -12959.28831408
         8.30000014      285.89351432   -12959.28634856
         8.32500014      288.48467851   -12959.28431352
         8.35000014      291.09145207   -12959.28221108
         8.37500014      293.71388189   -12959.28004331
         8.40000014      296.35201483   -12959.27781222
         8.42500014      299.00589777   -12959.27551979
         8.45000014      301.67557758   -12959.27316793
         8.47500014      304.36110115   -12959.27075850
         8.50000014      307.06251534   -12959.26829331
         8.52500014      309.77986704   -12959.26577415
         8.55000014      312.51320310   -12959.26320274
         8.57500014      315.26257042   -12959.26058076
         8.60000014      318.02801587   -12959.25790984
         8.62500014      320.80958632   -12959.25519159
         8.65000014      323.60732864   -12959.25242755
         8.67500014      326.42128971   -12959.24961926
         8.70000014      329.25151641   -12959.24676818
         8.72500014      332.09805561   -12959.24387576
         8.75000015      334.96095419   -12959.24094340
         8.77500015      337.84025901   -12959.23797246
         8.80000015      340.73601696   -12959.23496429
         8.82500015      343.64827492   -12959.23192017
         8.85000015      346.57707974   -12959.22884138
         8.87500015      349.52247832   -12959.22572915
