         6.40000010      131.07200586        1.65536122
         6.45000010      134.16806850        1.51645287
         6.50000010      137.31250614        1.38782567
         6.55000010      140.50569378        1.26870277
         6.60000010      143.74800643        1.15836934
         6.65000010      147.03981907        1.05616731
         6.70000010      150.38150672        0.96149052
         6.75000010      153.77344437        0.87378042
         6.80000010      157.21600703        0.79252203
         6.85000010      160.70956968        0.71724036
         6.90000010      164.25450734        0.64749710
         6.95000010      167.85119500        0.58288761
         7.00000010      171.50000767        0.52303816
         7.05000011      175.20132033        0.46760346
         7.10000011      178.95550800        0.41626432
         7.15000011      182.76294567        0.36872559
         7.20000011      186.62400834        0.32471422
         7.25000011      190.53907102        0.28397754
         7.30000011      194.50850870        0.24628162
         7.35000011      198.53269638        0.21140981
         7.40000011      202.61200906        0.17916140
         7.45000011      206.74682174        0.14935039
         7.50000011      210.93750943        0.12180431
         7.55000011      215.18444712        0.09636325
         7.60000011      219.48800981        0.07287883
         7.65000011      223.84857251        0.05121337
         7.70000011      228.26651020        0.03123908
         7.75000012      232.74219790        0.01283728
         7.80000012      237.27601061       -0.00410226
         7.85000012      241.86832331       -0.01968193
         7.90000012      246.51951102       -0.03399691
         7.95000012      251.22994873       -0.04713566
         8.00000012      256.00001144       -0.05918043
         8.05000012      260.83007416       -0.07020772
         8.10000012      265.72051188       -0.08028869
         8.15000012      270.67169960       -0.08948956
         8.20000012      275.68401232       -0.09787195
         8.25000012      280.75782505       -0.10549323
         8.30000012      285.89351278       -0.11240680
         8.35000012      291.09145051       -0.11866240
         8.40000013      296.35201325       -0.12430635
         8.45000013      301.67557599       -0.12938181
         8.50000013      307.06251373       -0.13392899
         8.55000013      312.51320147       -0.13798535
         8.60000013      318.02801422       -0.14158581
         8.65000013      323.60732697       -0.14476293
         8.70000013      329.25151472       -0.14754706
         8.75000013      334.96095247       -0.14996648
         8.80000013      340.73601523       -0.15204759
         8.85000013      346.57707799       -0.15381498
