         5.50000000       83.18750000       26.25876714
         5.60000000       87.80800007       22.54537159
         5.70000000       92.59650015       19.39287361
         5.80000000       97.55600023       16.70978789
         5.90000001      102.68950031       14.42072128
         6.00000001      108.00000040       12.46333430
         6.10000001      113.49050050       10.78591521
         6.20000001      119.16400060        9.34543552
         6.30000001      125.02350071        8.10598532
         6.40000001      131.07200082        7.03750975
         6.50000001      137.31250094        6.11478497
         6.60000002      143.74800107        5.31658532
         6.70000002      150.38150120        4.62500387
         6.80000002      157.21600134        4.02489621
         6.90000002      164.25450149        3.50342380
         7.00000002      171.50000164        3.04967789
         7.10000002      178.95550180        2.65436890
         7.20000003      186.62400197        2.30956924
         7.30000003      194.50850214        2.00849961
         7.40000003      202.61200233        1.74535118
         7.50000003      210.93750251        1.51513708
         7.60000003      219.48800271        1.31356817
         7.70000003      228.26650292        1.13694878
         7.80000003      237.27600313        0.98208913
         7.90000004      246.51950335        0.84623148
         8.00000004      256.00000358        0.72698775
         8.10000004      265.72050381        0.62228678
         8.20000004      275.68400406        0.53032956
         8.30000004      285.89350431        0.44955123
