         5.50000000       83.18750000   -14227.55633479
         5.60000000       87.80800007   -14227.80635473
         5.70000000       92.59650015   -14228.02607070
         5.80000000       97.55600023   -14228.21915422
         5.90000001      102.68950031   -14228.38879297
         6.00000001      108.00000040   -14228.53776078
         6.10000001      113.49050050   -14228.66847663
         6.20000001      119.16400060   -14228.78305441
         6.30000001      125.02350071   -14228.88334506
         6.40000001      131.07200082   -14228.97097235
         6.50000001      137.31250094   -14229.04736336
         6.60000002      143.74800107   -14229.11377447
         6.70000002      150.38150120   -14229.17131363
         6.80000002      157.21600134   -14229.22095940
         6.90000002      164.25450149   -14229.26357743
         7.00000002      171.50000164   -14229.29993454
         7.10000002      178.95550180   -14229.33071099
         7.20000003      186.62400197   -14229.35651099
         7.30000003      194.50850214   -14229.37787192
         7.40000003      202.61200233   -14229.39527228
         7.50000003      210.93750251   -14229.40913860
         7.60000003      219.48800271   -14229.41985152
         7.70000003      228.26650292   -14229.42775108
         7.80000003      237.27600313   -14229.43314129
         7.90000004      246.51950335   -14229.43629426
         8.00000004      256.00000358   -14229.43745371
         8.10000004      265.72050381   -14229.43683812
         8.20000004      275.68400406   -14229.43464349
         8.30000004      285.89350431   -14229.43104578
